<?xml version="1.0" encoding="UTF-8"?>
<testsuite xmlns:xsi="http://www.w3.org/2001/XMLSchema-instance" xsi:noNamespaceSchemaLocation="https://maven.apache.org/surefire/maven-surefire-plugin/xsd/surefire-test-report-3.0.xsd" version="3.0" name="com.rednet.servicediscovery.ServiceDiscoveryApplicationTests" time="10.587" tests="1" errors="0" skipped="0" failures="0">
  <properties>
[...]
</properties>
  <testcase name="contextLoads" classname="com.rednet.servicediscovery.ServiceDiscoveryApplicationTests" time="1.583">
    <system-out><![CDATA[00:15:50.202 [main] INFO org.springframework.test.context.support.AnnotationConfigContextLoaderUtils -- Could not detect default configuration classes for test class [com.rednet.servicediscovery.ServiceDiscoveryApplicationTests]: ServiceDiscoveryApplicationTests does not declare any static, non-private, non-final, nested classes annotated with @Configuration.
00:15:50.398 [main] INFO org.springframework.boot.test.context.SpringBootTestContextBootstrapper -- Found @SpringBootConfiguration com.rednet.servicediscovery.ServiceDiscoveryApplication for test class com.rednet.servicediscovery.ServiceDiscoveryApplicationTests

  .   ____          _            __ _ _
 /\\ / ___'_ __ _ _(_)_ __  __ _ \ \ \ \
( ( )\___ | '_ | '_| | '_ \/ _` | \ \ \ \
 \\/  ___)| |_)| | | | | || (_| |  ) ) ) )
  '  |____| .__|_| |_|_| |_\__, | / / / /
 =========|_|==============|___/=/_/_/_/
 :: Spring Boot ::                (v3.1.3)

2023-09-01T00:15:51.419+06:00  INFO 16776 --- [           main] c.r.s.ServiceDiscoveryApplicationTests   : Starting ServiceDiscoveryApplicationTests using Java 17.0.7 with PID 16776 (started by Shevc in C:\Projets\RedNet-service-discovery\service-discovery)
2023-09-01T00:15:51.422+06:00  INFO 16776 --- [           main] c.r.s.ServiceDiscoveryApplicationTests   : No active profile set, falling back to 1 default profile: "default"
2023-09-01T00:15:53.583+06:00  INFO 16776 --- [           main] o.s.cloud.context.scope.GenericScope     : BeanFactory id=eafcd728-17ab-310a-9743-b590f8711b95
2023-09-01T00:15:54.614+06:00  INFO 16776 --- [           main] o.s.s.web.DefaultSecurityFilterChain     : Will secure any request with [org.springframework.security.web.session.DisableEncodeUrlFilter@216c22ce, org.springframework.security.web.context.request.async.WebAsyncManagerIntegrationFilter@62f9c790, org.springframework.security.web.context.SecurityContextHolderFilter@5a7b309b, org.springframework.security.web.header.HeaderWriterFilter@33e4b9c4, org.springframework.security.web.authentication.logout.LogoutFilter@7994a0d1, org.springframework.security.web.savedrequest.RequestCacheAwareFilter@7739aac4, org.springframework.security.web.servletapi.SecurityContextHolderAwareRequestFilter@5d850a25, org.springframework.security.web.authentication.AnonymousAuthenticationFilter@21e5f0b6, org.springframework.security.web.session.SessionManagementFilter@10d18696, org.springframework.security.web.access.ExceptionTranslationFilter@1332dec4, org.springframework.security.web.access.intercept.AuthorizationFilter@27ec8754]
2023-09-01T00:15:56.824+06:00  WARN 16776 --- [           main] iguration$LoadBalancerCaffeineWarnLogger : Spring Cloud LoadBalancer is currently working with the default cache. While this cache implementation is useful for development and tests, it's recommended to use Caffeine cache in production.You can switch to using Caffeine cache, by adding it and org.springframework.cache.caffeine.CaffeineCacheManager to the classpath.
2023-09-01T00:15:57.394+06:00  INFO 16776 --- [           main] o.s.c.n.eureka.InstanceInfoFactory       : Setting initial instance status as: STARTING
2023-09-01T00:15:57.492+06:00  INFO 16776 --- [           main] com.netflix.discovery.DiscoveryClient    : Initializing Eureka in region us-east-1
2023-09-01T00:15:57.497+06:00  INFO 16776 --- [           main] com.netflix.discovery.DiscoveryClient    : Client configured to neither register nor query for data.
2023-09-01T00:15:57.516+06:00  INFO 16776 --- [           main] com.netflix.discovery.DiscoveryClient    : Discovery Client initialized at timestamp 1693505757514 with initial instances count: 0
2023-09-01T00:15:57.621+06:00  INFO 16776 --- [           main] c.n.eureka.DefaultEurekaServerContext    : Initializing ...
2023-09-01T00:15:57.628+06:00  INFO 16776 --- [           main] c.n.eureka.cluster.PeerEurekaNodes       : Adding new peer nodes [http://localhost:8761/eureka/]
2023-09-01T00:15:58.117+06:00  INFO 16776 --- [           main] c.n.d.provider.DiscoveryJerseyProvider   : Using JSON encoding codec LegacyJacksonJson
2023-09-01T00:15:58.118+06:00  INFO 16776 --- [           main] c.n.d.provider.DiscoveryJerseyProvider   : Using JSON decoding codec LegacyJacksonJson
2023-09-01T00:15:58.118+06:00  INFO 16776 --- [           main] c.n.d.provider.DiscoveryJerseyProvider   : Using XML encoding codec XStreamXml
2023-09-01T00:15:58.118+06:00  INFO 16776 --- [           main] c.n.d.provider.DiscoveryJerseyProvider   : Using XML decoding codec XStreamXml
2023-09-01T00:15:58.371+06:00  INFO 16776 --- [           main] c.n.eureka.cluster.PeerEurekaNodes       : Replica node URL:  http://localhost:8761/eureka/
2023-09-01T00:15:58.383+06:00  INFO 16776 --- [           main] c.n.e.registry.AbstractInstanceRegistry  : Finished initializing remote region registries. All known remote regions: []
2023-09-01T00:15:58.384+06:00  INFO 16776 --- [           main] c.n.eureka.DefaultEurekaServerContext    : Initialized
2023-09-01T00:15:58.602+06:00  INFO 16776 --- [           main] o.s.b.a.e.web.EndpointLinksResolver      : Exposing 1 endpoint(s) beneath base path '/actuator'
2023-09-01T00:15:58.730+06:00  INFO 16776 --- [           main] o.s.c.n.e.s.EurekaServiceRegistry        : Registering application SERVICE-DISCOVERY with eureka with status UP
2023-09-01T00:15:58.769+06:00  INFO 16776 --- [      Thread-11] o.s.c.n.e.server.EurekaServerBootstrap   : isAws returned false
2023-09-01T00:15:58.771+06:00  INFO 16776 --- [      Thread-11] o.s.c.n.e.server.EurekaServerBootstrap   : Initialized server context
2023-09-01T00:15:58.772+06:00  INFO 16776 --- [           main] c.r.s.ServiceDiscoveryApplicationTests   : Started ServiceDiscoveryApplicationTests in 8.078 seconds (process running for 9.937)
2023-09-01T00:15:58.772+06:00  INFO 16776 --- [      Thread-11] c.n.e.r.PeerAwareInstanceRegistryImpl    : Got 1 instances from neighboring DS node
2023-09-01T00:15:58.772+06:00  INFO 16776 --- [      Thread-11] c.n.e.r.PeerAwareInstanceRegistryImpl    : Renew threshold is: 1
2023-09-01T00:15:58.773+06:00  INFO 16776 --- [      Thread-11] c.n.e.r.PeerAwareInstanceRegistryImpl    : Changing status to UP
2023-09-01T00:15:58.795+06:00  INFO 16776 --- [      Thread-11] e.s.EurekaServerInitializerConfiguration : Started Eureka Server
]]></system-out>
  </testcase>
</testsuite>